This is pdfTeX, Version 3.14159265-2.6-1.40.20 (TeX Live 2019/Debian) (preloaded format=pdflatex 2019.10.27)  1 FEB 2020 11:30
entering extended mode
 restricted \write18 enabled.
 %&-line parsing enabled.
**title.tex
(./title.tex
LaTeX2e <2018-12-01>

! LaTeX Error: Environment titlepage undefined.

See the LaTeX manual or LaTeX Companion for explanation.
Type  H <return>  for immediate help.
 ...                                              
                                                  
l.1 \begin{titlepage}
                     
Your command was ignored.
Type  I <command> <return>  to replace it with another command,
or  <return>  to continue without it.

! Undefined control sequence.
l.4     {\setstretch
                    {1.0}
The control sequence at the end of the top line
of your error message was never \def'ed. If you have
misspelled it (e.g., `\hobx'), type `I' and the correct
spelling (e.g., `I\hbox'). Otherwise just continue,
and I'll forget about whatever was undefined.


! LaTeX Error: Missing \begin{document}.

See the LaTeX manual or LaTeX Companion for explanation.
Type  H <return>  for immediate help.
 ...                                              
                                                  
l.4     {\setstretch{1
                      .0}
You're in trouble here.  Try typing  <return>  to proceed.
If that doesn't work, type  X <return>  to quit.

Missing character: There is no 1 in font nullfont!
Missing character: There is no . in font nullfont!
Missing character: There is no 0 in font nullfont!

Overfull \hbox (20.0pt too wide) in paragraph at lines 4--5
[] 
 []


! Package inputenc Error: Unicode character –§ (U+0424)
(inputenc)                not set up for use with LaTeX.

See the inputenc package documentation for explanation.
Type  H <return>  for immediate help.
 ...                                              
                                                  
l.6         –§
              –µ–¥–µ—Ä–∞–ª—å–Ω–æ–µ –≥–æ—Å—É–¥–∞—Ä—Å—Ç–≤–µ–Ω–Ω–æ–µ –∞–≤—Ç–æ–Ω...

You may provide a definition with
\DeclareUnicodeCharacter 


! Package inputenc Error: Unicode character –µ (U+0435)
(inputenc)                not set up for use with LaTeX.

See the inputenc package documentation for explanation.
Type  H <return>  for immediate help.
 ...                                              
                                                  
l.6         –§–µ
                –¥–µ—Ä–∞–ª—å–Ω–æ–µ –≥–æ—Å—É–¥–∞—Ä—Å—Ç–≤–µ–Ω–Ω–æ–µ –∞–≤—Ç–æ–Ω...

You may provide a definition with
\DeclareUnicodeCharacter 


! Package inputenc Error: Unicode character –¥ (U+0434)
(inputenc)                not set up for use with LaTeX.

See the inputenc package documentation for explanation.
Type  H <return>  for immediate help.
 ...                                              
                                                  
l.6         –§–µ–¥
                  –µ—Ä–∞–ª—å–Ω–æ–µ –≥–æ—Å—É–¥–∞—Ä—Å—Ç–≤–µ–Ω–Ω–æ–µ –∞–≤—Ç–æ–Ω...

You may provide a definition with
\DeclareUnicodeCharacter 


! Package inputenc Error: Unicode character –µ (U+0435)
(inputenc)                not set up for use with LaTeX.

See the inputenc package documentation for explanation.
Type  H <return>  for immediate help.
 ...                                              
                                                  
l.6         –§–µ–¥–µ
                    —Ä–∞–ª—å–Ω–æ–µ –≥–æ—Å—É–¥–∞—Ä—Å—Ç–≤–µ–Ω–Ω–æ–µ –∞–≤—Ç–æ–Ω...

You may provide a definition with
\DeclareUnicodeCharacter 


! Package inputenc Error: Unicode character —Ä (U+0440)
(inputenc)                not set up for use with LaTeX.

See the inputenc package documentation for explanation.
Type  H <return>  for immediate help.
 ...                                              
                                                  
l.6         –§–µ–¥–µ—Ä
                      –∞–ª—å–Ω–æ–µ –≥–æ—Å—É–¥–∞—Ä—Å—Ç–≤–µ–Ω–Ω–æ–µ –∞–≤—Ç–æ–Ω...

You may provide a definition with
\DeclareUnicodeCharacter 


! Package inputenc Error: Unicode character –∞ (U+0430)
(inputenc)                not set up for use with LaTeX.

See the inputenc package documentation for explanation.
Type  H <return>  for immediate help.
 ...                                              
                                                  
l.6         –§–µ–¥–µ—Ä–∞
                        –ª—å–Ω–æ–µ –≥–æ—Å—É–¥–∞—Ä—Å—Ç–≤–µ–Ω–Ω–æ–µ –∞–≤—Ç–æ–Ω...

You may provide a definition with
\DeclareUnicodeCharacter 


! Package inputenc Error: Unicode character –ª (U+043B)
(inputenc)                not set up for use with LaTeX.

See the inputenc package documentation for explanation.
Type  H <return>  for immediate help.
 ...                                              
                                                  
l.6         –§–µ–¥–µ—Ä–∞–ª
                          —å–Ω–æ–µ –≥–æ—Å—É–¥–∞—Ä—Å—Ç–≤–µ–Ω–Ω–æ–µ –∞–≤—Ç–æ–Ω...

You may provide a definition with
\DeclareUnicodeCharacter 


! Package inputenc Error: Unicode character —å (U+044C)
(inputenc)                not set up for use with LaTeX.

See the inputenc package documentation for explanation.
Type  H <return>  for immediate help.
 ...                                              
                                                  
l.6         –§–µ–¥–µ—Ä–∞–ª—å
                            –Ω–æ–µ –≥–æ—Å—É–¥–∞—Ä—Å—Ç–≤–µ–Ω–Ω–æ–µ –∞–≤—Ç–æ–Ω...

You may provide a definition with
\DeclareUnicodeCharacter 


! Package inputenc Error: Unicode character –Ω (U+043D)
(inputenc)                not set up for use with LaTeX.

See the inputenc package documentation for explanation.
Type  H <return>  for immediate help.
 ...                                              
                                                  
l.6         –§–µ–¥–µ—Ä–∞–ª—å–Ω
                              –æ–µ –≥–æ—Å—É–¥–∞—Ä—Å—Ç–≤–µ–Ω–Ω–æ–µ –∞–≤—Ç–æ–Ω...

You may provide a definition with
\DeclareUnicodeCharacter 


! Package inputenc Error: Unicode character –æ (U+043E)
(inputenc)                not set up for use with LaTeX.

See the inputenc package documentation for explanation.
Type  H <return>  for immediate help.
 ...                                              
                                                  
l.6         –§–µ–¥–µ—Ä–∞–ª—å–Ω–æ
                                –µ –≥–æ—Å—É–¥–∞—Ä—Å—Ç–≤–µ–Ω–Ω–æ–µ –∞–≤—Ç–æ–Ω...

You may provide a definition with
\DeclareUnicodeCharacter 


! Package inputenc Error: Unicode character –µ (U+0435)
(inputenc)                not set up for use with LaTeX.

See the inputenc package documentation for explanation.
Type  H <return>  for immediate help.
 ...                                              
                                                  
l.6         –§–µ–¥–µ—Ä–∞–ª—å–Ω–æ–µ
                                   –≥–æ—Å—É–¥–∞—Ä—Å—Ç–≤–µ–Ω–Ω–æ–µ –∞–≤—Ç–æ–Ω...

You may provide a definition with
\DeclareUnicodeCharacter 


! Package inputenc Error: Unicode character –≥ (U+0433)
(inputenc)                not set up for use with LaTeX.

See the inputenc package documentation for explanation.
Type  H <return>  for immediate help.
 ...                                              
                                                  
l.6         –§–µ–¥–µ—Ä–∞–ª—å–Ω–æ–µ –≥
                                     –æ—Å—É–¥–∞—Ä—Å—Ç–≤–µ–Ω–Ω–æ–µ –∞–≤—Ç–æ–Ω...

You may provide a definition with
\DeclareUnicodeCharacter 


! Package inputenc Error: Unicode character –æ (U+043E)
(inputenc)                not set up for use with LaTeX.

See the inputenc package documentation for explanation.
Type  H <return>  for immediate help.
 ...                                              
                                                  
l.6         –§–µ–¥–µ—Ä–∞–ª—å–Ω–æ–µ –≥–æ
                                       —Å—É–¥–∞—Ä—Å—Ç–≤–µ–Ω–Ω–æ–µ –∞–≤—Ç–æ–Ω...

You may provide a definition with
\DeclareUnicodeCharacter 


! Package inputenc Error: Unicode character —Å (U+0441)
(inputenc)                not set up for use with LaTeX.

See the inputenc package documentation for explanation.
Type  H <return>  for immediate help.
 ...                                              
                                                  
l.6         –§–µ–¥–µ—Ä–∞–ª—å–Ω–æ–µ –≥–æ—Å
                                         —É–¥–∞—Ä—Å—Ç–≤–µ–Ω–Ω–æ–µ –∞–≤—Ç–æ–Ω...

You may provide a definition with
\DeclareUnicodeCharacter 


! Package inputenc Error: Unicode character —É (U+0443)
(inputenc)                not set up for use with LaTeX.

See the inputenc package documentation for explanation.
Type  H <return>  for immediate help.
 ...                                              
                                                  
l.6         –§–µ–¥–µ—Ä–∞–ª—å–Ω–æ–µ –≥–æ—Å—É
                                           –¥–∞—Ä—Å—Ç–≤–µ–Ω–Ω–æ–µ –∞–≤—Ç–æ–Ω...

You may provide a definition with
\DeclareUnicodeCharacter 


! Package inputenc Error: Unicode character –¥ (U+0434)
(inputenc)                not set up for use with LaTeX.

See the inputenc package documentation for explanation.
Type  H <return>  for immediate help.
 ...                                              
                                                  
l.6         –§–µ–¥–µ—Ä–∞–ª—å–Ω–æ–µ –≥–æ—Å—É–¥
                                             –∞—Ä—Å—Ç–≤–µ–Ω–Ω–æ–µ –∞–≤—Ç–æ–Ω...

You may provide a definition with
\DeclareUnicodeCharacter 


! Package inputenc Error: Unicode character –∞ (U+0430)
(inputenc)                not set up for use with LaTeX.

See the inputenc package documentation for explanation.
Type  H <return>  for immediate help.
 ...                                              
                                                  
l.6         –§–µ–¥–µ—Ä–∞–ª—å–Ω–æ–µ –≥–æ—Å—É–¥–∞
                                               —Ä—Å—Ç–≤–µ–Ω–Ω–æ–µ –∞–≤—Ç–æ–Ω...

You may provide a definition with
\DeclareUnicodeCharacter 


! Package inputenc Error: Unicode character —Ä (U+0440)
(inputenc)                not set up for use with LaTeX.

See the inputenc package documentation for explanation.
Type  H <return>  for immediate help.
 ...                                              
                                                  
l.6         –§–µ–¥–µ—Ä–∞–ª—å–Ω–æ–µ –≥–æ—Å—É–¥–∞—Ä
                                                 —Å—Ç–≤–µ–Ω–Ω–æ–µ –∞–≤—Ç–æ–Ω...

You may provide a definition with
\DeclareUnicodeCharacter 


! Package inputenc Error: Unicode character —Å (U+0441)
(inputenc)                not set up for use with LaTeX.

See the inputenc package documentation for explanation.
Type  H <return>  for immediate help.
 ...                                              
                                                  
l.6 ...    –§–µ–¥–µ—Ä–∞–ª—å–Ω–æ–µ –≥–æ—Å—É–¥–∞—Ä—Å
                                                  —Ç–≤–µ–Ω–Ω–æ–µ –∞–≤—Ç–æ–Ω–...

You may provide a definition with
\DeclareUnicodeCharacter 


! Package inputenc Error: Unicode character —Ç (U+0442)
(inputenc)                not set up for use with LaTeX.

See the inputenc package documentation for explanation.
Type  H <return>  for immediate help.
 ...                                              
                                                  
l.6 ...  –§–µ–¥–µ—Ä–∞–ª—å–Ω–æ–µ –≥–æ—Å—É–¥–∞—Ä—Å—Ç
                                                  –≤–µ–Ω–Ω–æ–µ –∞–≤—Ç–æ–Ω–æ–...

You may provide a definition with
\DeclareUnicodeCharacter 


! Package inputenc Error: Unicode character –≤ (U+0432)
(inputenc)                not set up for use with LaTeX.

See the inputenc package documentation for explanation.
Type  H <return>  for immediate help.
 ...                                              
                                                  
l.6 ...–§–µ–¥–µ—Ä–∞–ª—å–Ω–æ–µ –≥–æ—Å—É–¥–∞—Ä—Å—Ç–≤
                                                  –µ–Ω–Ω–æ–µ –∞–≤—Ç–æ–Ω–æ–º–...

You may provide a definition with
\DeclareUnicodeCharacter 


! Package inputenc Error: Unicode character –µ (U+0435)
(inputenc)                not set up for use with LaTeX.

See the inputenc package documentation for explanation.
Type  H <return>  for immediate help.
 ...                                              
                                                  
l.6 ...–µ–¥–µ—Ä–∞–ª—å–Ω–æ–µ –≥–æ—Å—É–¥–∞—Ä—Å—Ç–≤–µ
                                                  –Ω–Ω–æ–µ –∞–≤—Ç–æ–Ω–æ–º–Ω–...

You may provide a definition with
\DeclareUnicodeCharacter 


! Package inputenc Error: Unicode character –Ω (U+043D)
(inputenc)                not set up for use with LaTeX.

See the inputenc package documentation for explanation.
Type  H <return>  for immediate help.
 ...                                              
                                                  
l.6 ...–¥–µ—Ä–∞–ª—å–Ω–æ–µ –≥–æ—Å—É–¥–∞—Ä—Å—Ç–≤–µ–Ω
                                                  –Ω–æ–µ –∞–≤—Ç–æ–Ω–æ–º–Ω–æ–...

You may provide a definition with
\DeclareUnicodeCharacter 


! Package inputenc Error: Unicode character –Ω (U+043D)
(inputenc)                not set up for use with LaTeX.

See the inputenc package documentation for explanation.
Type  H <return>  for immediate help.
 ...                                              
                                                  
l.6 ...–µ—Ä–∞–ª—å–Ω–æ–µ –≥–æ—Å—É–¥–∞—Ä—Å—Ç–≤–µ–Ω–Ω
                                                  –æ–µ –∞–≤—Ç–æ–Ω–æ–º–Ω–æ–µ ...

You may provide a definition with
\DeclareUnicodeCharacter 


! Package inputenc Error: Unicode character –æ (U+043E)
(inputenc)                not set up for use with LaTeX.

See the inputenc package documentation for explanation.
Type  H <return>  for immediate help.
 ...                                              
                                                  
l.6 ...—Ä–∞–ª—å–Ω–æ–µ –≥–æ—Å—É–¥–∞—Ä—Å—Ç–≤–µ–Ω–Ω–æ
                                                  –µ –∞–≤—Ç–æ–Ω–æ–º–Ω–æ–µ –æ...

You may provide a definition with
\DeclareUnicodeCharacter 


! Package inputenc Error: Unicode character –µ (U+0435)
(inputenc)                not set up for use with LaTeX.

See the inputenc package documentation for explanation.
Type  H <return>  for immediate help.
 ...                                              
                                                  
l.6 ...–∞–ª—å–Ω–æ–µ –≥–æ—Å—É–¥–∞—Ä—Å—Ç–≤–µ–Ω–Ω–æ–µ
                                                   –∞–≤—Ç–æ–Ω–æ–º–Ω–æ–µ –æ–±...

You may provide a definition with
\DeclareUnicodeCharacter 


! Package inputenc Error: Unicode character –∞ (U+0430)
(inputenc)                not set up for use with LaTeX.

See the inputenc package documentation for explanation.
Type  H <return>  for immediate help.
 ...                                              
                                                  
l.6 ...ª—å–Ω–æ–µ –≥–æ—Å—É–¥–∞—Ä—Å—Ç–≤–µ–Ω–Ω–æ–µ –∞
                                                  –≤—Ç–æ–Ω–æ–º–Ω–æ–µ –æ–±—Ä–...

You may provide a definition with
\DeclareUnicodeCharacter 


! Package inputenc Error: Unicode character –≤ (U+0432)
(inputenc)                not set up for use with LaTeX.

See the inputenc package documentation for explanation.
Type  H <return>  for immediate help.
 ...                                              
                                                  
l.6 ...å–Ω–æ–µ –≥–æ—Å—É–¥–∞—Ä—Å—Ç–≤–µ–Ω–Ω–æ–µ –∞–≤
                                                  —Ç–æ–Ω–æ–º–Ω–æ–µ –æ–±—Ä–∞–...

You may provide a definition with
\DeclareUnicodeCharacter 


! Package inputenc Error: Unicode character —Ç (U+0442)
(inputenc)                not set up for use with LaTeX.

See the inputenc package documentation for explanation.
Type  H <return>  for immediate help.
 ...                                              
                                                  
l.6 ...Ω–æ–µ –≥–æ—Å—É–¥–∞—Ä—Å—Ç–≤–µ–Ω–Ω–æ–µ –∞–≤—Ç
                                                  –æ–Ω–æ–º–Ω–æ–µ –æ–±—Ä–∞–∑–...

You may provide a definition with
\DeclareUnicodeCharacter 


! Package inputenc Error: Unicode character –æ (U+043E)
(inputenc)                not set up for use with LaTeX.

See the inputenc package documentation for explanation.
Type  H <return>  for immediate help.
 ...                                              
                                                  
l.6 ...æ–µ –≥–æ—Å—É–¥–∞—Ä—Å—Ç–≤–µ–Ω–Ω–æ–µ –∞–≤—Ç–æ
                                                  –Ω–æ–º–Ω–æ–µ –æ–±—Ä–∞–∑–æ–...

You may provide a definition with
\DeclareUnicodeCharacter 


! Package inputenc Error: Unicode character –Ω (U+043D)
(inputenc)                not set up for use with LaTeX.

See the inputenc package documentation for explanation.
Type  H <return>  for immediate help.
 ...                                              
                                                  
l.6 ...µ –≥–æ—Å—É–¥–∞—Ä—Å—Ç–≤–µ–Ω–Ω–æ–µ –∞–≤—Ç–æ–Ω
                                                  –æ–º–Ω–æ–µ –æ–±—Ä–∞–∑–æ–≤–...

You may provide a definition with
\DeclareUnicodeCharacter 


! Package inputenc Error: Unicode character –æ (U+043E)
(inputenc)                not set up for use with LaTeX.

See the inputenc package documentation for explanation.
Type  H <return>  for immediate help.
 ...                                              
                                                  
l.6 ...–≥–æ—Å—É–¥–∞—Ä—Å—Ç–≤–µ–Ω–Ω–æ–µ –∞–≤—Ç–æ–Ω–æ
                                                  –º–Ω–æ–µ –æ–±—Ä–∞–∑–æ–≤–∞—...

You may provide a definition with
\DeclareUnicodeCharacter 


! Package inputenc Error: Unicode character –º (U+043C)
(inputenc)                not set up for use with LaTeX.

See the inputenc package documentation for explanation.
Type  H <return>  for immediate help.
 ...                                              
                                                  
l.6 ...–æ—Å—É–¥–∞—Ä—Å—Ç–≤–µ–Ω–Ω–æ–µ –∞–≤—Ç–æ–Ω–æ–º
                                                  –Ω–æ–µ –æ–±—Ä–∞–∑–æ–≤–∞—Ç–...

You may provide a definition with
\DeclareUnicodeCharacter 


! Package inputenc Error: Unicode character –Ω (U+043D)
(inputenc)                not set up for use with LaTeX.

See the inputenc package documentation for explanation.
Type  H <return>  for immediate help.
 ...                                              
                                                  
l.6 ...—Å—É–¥–∞—Ä—Å—Ç–≤–µ–Ω–Ω–æ–µ –∞–≤—Ç–æ–Ω–æ–º–Ω
                                                  –æ–µ –æ–±—Ä–∞–∑–æ–≤–∞—Ç–µ–...

You may provide a definition with
\DeclareUnicodeCharacter 


! Package inputenc Error: Unicode character –æ (U+043E)
(inputenc)                not set up for use with LaTeX.

See the inputenc package documentation for explanation.
Type  H <return>  for immediate help.
 ...                                              
                                                  
l.6 ...—É–¥–∞—Ä—Å—Ç–≤–µ–Ω–Ω–æ–µ –∞–≤—Ç–æ–Ω–æ–º–Ω–æ
                                                  –µ –æ–±—Ä–∞–∑–æ–≤–∞—Ç–µ–ª—...

You may provide a definition with
\DeclareUnicodeCharacter 


! Package inputenc Error: Unicode character –µ (U+0435)
(inputenc)                not set up for use with LaTeX.

See the inputenc package documentation for explanation.
Type  H <return>  for immediate help.
 ...                                              
                                                  
l.6 ...–¥–∞—Ä—Å—Ç–≤–µ–Ω–Ω–æ–µ –∞–≤—Ç–æ–Ω–æ–º–Ω–æ–µ
                                                   –æ–±—Ä–∞–∑–æ–≤–∞—Ç–µ–ª—å–...

You may provide a definition with
\DeclareUnicodeCharacter 


! Package inputenc Error: Unicode character –æ (U+043E)
(inputenc)                not set up for use with LaTeX.

See the inputenc package documentation for explanation.
Type  H <return>  for immediate help.
 ...                                              
                                                  
l.6 ...∞—Ä—Å—Ç–≤–µ–Ω–Ω–æ–µ –∞–≤—Ç–æ–Ω–æ–º–Ω–æ–µ –æ
                                                  –±—Ä–∞–∑–æ–≤–∞—Ç–µ–ª—å–Ω–æ...

You may provide a definition with
\DeclareUnicodeCharacter 


! Package inputenc Error: Unicode character –± (U+0431)
(inputenc)                not set up for use with LaTeX.

See the inputenc package documentation for explanation.
Type  H <return>  for immediate help.
 ...                                              
                                                  
l.6 ...Ä—Å—Ç–≤–µ–Ω–Ω–æ–µ –∞–≤—Ç–æ–Ω–æ–º–Ω–æ–µ –æ–±
                                                  —Ä–∞–∑–æ–≤–∞—Ç–µ–ª—å–Ω–æ–µ...

You may provide a definition with
\DeclareUnicodeCharacter 


! Package inputenc Error: Unicode character —Ä (U+0440)
(inputenc)                not set up for use with LaTeX.

See the inputenc package documentation for explanation.
Type  H <return>  for immediate help.
 ...                                              
                                                  
l.6 ...Å—Ç–≤–µ–Ω–Ω–æ–µ –∞–≤—Ç–æ–Ω–æ–º–Ω–æ–µ –æ–±—Ä
                                                  –∞–∑–æ–≤–∞—Ç–µ–ª—å–Ω–æ–µ —...

You may provide a definition with
\DeclareUnicodeCharacter 


! Package inputenc Error: Unicode character –∞ (U+0430)
(inputenc)                not set up for use with LaTeX.

See the inputenc package documentation for explanation.
Type  H <return>  for immediate help.
 ...                                              
                                                  
l.6 ...Ç–≤–µ–Ω–Ω–æ–µ –∞–≤—Ç–æ–Ω–æ–º–Ω–æ–µ –æ–±—Ä–∞
                                                  –∑–æ–≤–∞—Ç–µ–ª—å–Ω–æ–µ —É—...

You may provide a definition with
\DeclareUnicodeCharacter 


! Package inputenc Error: Unicode character –∑ (U+0437)
(inputenc)                not set up for use with LaTeX.

See the inputenc package documentation for explanation.
Type  H <return>  for immediate help.
 ...                                              
                                                  
l.6 ...≤–µ–Ω–Ω–æ–µ –∞–≤—Ç–æ–Ω–æ–º–Ω–æ–µ –æ–±—Ä–∞–∑
                                                  –æ–≤–∞—Ç–µ–ª—å–Ω–æ–µ —É—á—...

You may provide a definition with
\DeclareUnicodeCharacter 


! Package inputenc Error: Unicode character –æ (U+043E)
(inputenc)                not set up for use with LaTeX.

See the inputenc package documentation for explanation.
Type  H <return>  for immediate help.
 ...                                              
                                                  
l.6 ...µ–Ω–Ω–æ–µ –∞–≤—Ç–æ–Ω–æ–º–Ω–æ–µ –æ–±—Ä–∞–∑–æ
                                                  –≤–∞—Ç–µ–ª—å–Ω–æ–µ —É—á—Ä–...

You may provide a definition with
\DeclareUnicodeCharacter 


! Package inputenc Error: Unicode character –≤ (U+0432)
(inputenc)                not set up for use with LaTeX.

See the inputenc package documentation for explanation.
Type  H <return>  for immediate help.
 ...                                              
                                                  
l.6 ...Ω–Ω–æ–µ –∞–≤—Ç–æ–Ω–æ–º–Ω–æ–µ –æ–±—Ä–∞–∑–æ–≤
                                                  –∞—Ç–µ–ª—å–Ω–æ–µ —É—á—Ä–µ–...

You may provide a definition with
\DeclareUnicodeCharacter 


! Package inputenc Error: Unicode character –∞ (U+0430)
(inputenc)                not set up for use with LaTeX.

See the inputenc package documentation for explanation.
Type  H <return>  for immediate help.
 ...                                              
                                                  
l.6 ...Ω–æ–µ –∞–≤—Ç–æ–Ω–æ–º–Ω–æ–µ –æ–±—Ä–∞–∑–æ–≤–∞
                                                  —Ç–µ–ª—å–Ω–æ–µ —É—á—Ä–µ–∂–...

You may provide a definition with
\DeclareUnicodeCharacter 


! Package inputenc Error: Unicode character —Ç (U+0442)
(inputenc)                not set up for use with LaTeX.

See the inputenc package documentation for explanation.
Type  H <return>  for immediate help.
 ...                                              
                                                  
l.6 ...æ–µ –∞–≤—Ç–æ–Ω–æ–º–Ω–æ–µ –æ–±—Ä–∞–∑–æ–≤–∞—Ç
                                                  –µ–ª—å–Ω–æ–µ —É—á—Ä–µ–∂–¥–...

You may provide a definition with
\DeclareUnicodeCharacter 


! Package inputenc Error: Unicode character –µ (U+0435)
(inputenc)                not set up for use with LaTeX.

See the inputenc package documentation for explanation.
Type  H <return>  for immediate help.
 ...                                              
                                                  
l.6 ...µ –∞–≤—Ç–æ–Ω–æ–º–Ω–æ–µ –æ–±—Ä–∞–∑–æ–≤–∞—Ç–µ
                                                  –ª—å–Ω–æ–µ —É—á—Ä–µ–∂–¥–µ–...

You may provide a definition with
\DeclareUnicodeCharacter 


! Package inputenc Error: Unicode character –ª (U+043B)
(inputenc)                not set up for use with LaTeX.

See the inputenc package documentation for explanation.
Type  H <return>  for immediate help.
 ...                                              
                                                  
l.6 ...–∞–≤—Ç–æ–Ω–æ–º–Ω–æ–µ –æ–±—Ä–∞–∑–æ–≤–∞—Ç–µ–ª
                                                  —å–Ω–æ–µ —É—á—Ä–µ–∂–¥–µ–Ω–...

You may provide a definition with
\DeclareUnicodeCharacter 


! Package inputenc Error: Unicode character —å (U+044C)
(inputenc)                not set up for use with LaTeX.

See the inputenc package documentation for explanation.
Type  H <return>  for immediate help.
 ...                                              
                                                  
l.6 ...–≤—Ç–æ–Ω–æ–º–Ω–æ–µ –æ–±—Ä–∞–∑–æ–≤–∞—Ç–µ–ª—å
                                                  –Ω–æ–µ —É—á—Ä–µ–∂–¥–µ–Ω–∏–...

You may provide a definition with
\DeclareUnicodeCharacter 


! Package inputenc Error: Unicode character –Ω (U+043D)
(inputenc)                not set up for use with LaTeX.

See the inputenc package documentation for explanation.
Type  H <return>  for immediate help.
 ...                                              
                                                  
l.6 ...—Ç–æ–Ω–æ–º–Ω–æ–µ –æ–±—Ä–∞–∑–æ–≤–∞—Ç–µ–ª—å–Ω
                                                  –æ–µ —É—á—Ä–µ–∂–¥–µ–Ω–∏–µ ...

You may provide a definition with
\DeclareUnicodeCharacter 


! Package inputenc Error: Unicode character –æ (U+043E)
(inputenc)                not set up for use with LaTeX.

See the inputenc package documentation for explanation.
Type  H <return>  for immediate help.
 ...                                              
                                                  
l.6 ...–æ–Ω–æ–º–Ω–æ–µ –æ–±—Ä–∞–∑–æ–≤–∞—Ç–µ–ª—å–Ω–æ
                                                  –µ —É—á—Ä–µ–∂–¥–µ–Ω–∏–µ –≤...

You may provide a definition with
\DeclareUnicodeCharacter 


! Package inputenc Error: Unicode character –µ (U+0435)
(inputenc)                not set up for use with LaTeX.

See the inputenc package documentation for explanation.
Type  H <return>  for immediate help.
 ...                                              
                                                  
l.6 ...–Ω–æ–º–Ω–æ–µ –æ–±—Ä–∞–∑–æ–≤–∞—Ç–µ–ª—å–Ω–æ–µ
                                                   —É—á—Ä–µ–∂–¥–µ–Ω–∏–µ –≤—ã...

You may provide a definition with
\DeclareUnicodeCharacter 


! Package inputenc Error: Unicode character —É (U+0443)
(inputenc)                not set up for use with LaTeX.

See the inputenc package documentation for explanation.
Type  H <return>  for immediate help.
 ...                                              
                                                  
l.6 ...æ–º–Ω–æ–µ –æ–±—Ä–∞–∑–æ–≤–∞—Ç–µ–ª—å–Ω–æ–µ —É
                                                  —á—Ä–µ–∂–¥–µ–Ω–∏–µ –≤—ã—Å—...

You may provide a definition with
\DeclareUnicodeCharacter 


! Package inputenc Error: Unicode character —á (U+0447)
(inputenc)                not set up for use with LaTeX.

See the inputenc package documentation for explanation.
Type  H <return>  for immediate help.
 ...                                              
                                                  
l.6 ...º–Ω–æ–µ –æ–±—Ä–∞–∑–æ–≤–∞—Ç–µ–ª—å–Ω–æ–µ —É—á
                                                  —Ä–µ–∂–¥–µ–Ω–∏–µ –≤—ã—Å—à–...

You may provide a definition with
\DeclareUnicodeCharacter 


! Package inputenc Error: Unicode character —Ä (U+0440)
(inputenc)                not set up for use with LaTeX.

See the inputenc package documentation for explanation.
Type  H <return>  for immediate help.
 ...                                              
                                                  
l.6 ...Ω–æ–µ –æ–±—Ä–∞–∑–æ–≤–∞—Ç–µ–ª—å–Ω–æ–µ —É—á—Ä
                                                  –µ–∂–¥–µ–Ω–∏–µ –≤—ã—Å—à–µ–...

You may provide a definition with
\DeclareUnicodeCharacter 


! Package inputenc Error: Unicode character –µ (U+0435)
(inputenc)                not set up for use with LaTeX.

See the inputenc package documentation for explanation.
Type  H <return>  for immediate help.
 ...                                              
                                                  
l.6 ...æ–µ –æ–±—Ä–∞–∑–æ–≤–∞—Ç–µ–ª—å–Ω–æ–µ —É—á—Ä–µ
                                                  –∂–¥–µ–Ω–∏–µ –≤—ã—Å—à–µ–≥–...

You may provide a definition with
\DeclareUnicodeCharacter 


! Package inputenc Error: Unicode character –∂ (U+0436)
(inputenc)                not set up for use with LaTeX.

See the inputenc package documentation for explanation.
Type  H <return>  for immediate help.
 ...                                              
                                                  
l.6 ...µ –æ–±—Ä–∞–∑–æ–≤–∞—Ç–µ–ª—å–Ω–æ–µ —É—á—Ä–µ–∂
                                                  –¥–µ–Ω–∏–µ –≤—ã—Å—à–µ–≥–æ ...

You may provide a definition with
\DeclareUnicodeCharacter 


! Package inputenc Error: Unicode character –¥ (U+0434)
(inputenc)                not set up for use with LaTeX.

See the inputenc package documentation for explanation.
Type  H <return>  for immediate help.
 ...                                              
                                                  
l.6 ...–æ–±—Ä–∞–∑–æ–≤–∞—Ç–µ–ª—å–Ω–æ–µ —É—á—Ä–µ–∂–¥
                                                  –µ–Ω–∏–µ –≤—ã—Å—à–µ–≥–æ –æ...

You may provide a definition with
\DeclareUnicodeCharacter 


! Package inputenc Error: Unicode character –µ (U+0435)
(inputenc)                not set up for use with LaTeX.

See the inputenc package documentation for explanation.
Type  H <return>  for immediate help.
 ...                                              
                                                  
l.6 ...–±—Ä–∞–∑–æ–≤–∞—Ç–µ–ª—å–Ω–æ–µ —É—á—Ä–µ–∂–¥–µ
                                                  –Ω–∏–µ –≤—ã—Å—à–µ–≥–æ –æ–±...

You may provide a definition with
\DeclareUnicodeCharacter 


! Package inputenc Error: Unicode character –Ω (U+043D)
(inputenc)                not set up for use with LaTeX.

See the inputenc package documentation for explanation.
Type  H <return>  for immediate help.
 ...                                              
                                                  
l.6 ...—Ä–∞–∑–æ–≤–∞—Ç–µ–ª—å–Ω–æ–µ —É—á—Ä–µ–∂–¥–µ–Ω
                                                  –∏–µ –≤—ã—Å—à–µ–≥–æ –æ–±—Ä...

You may provide a definition with
\DeclareUnicodeCharacter 


! Package inputenc Error: Unicode character –∏ (U+0438)
(inputenc)                not set up for use with LaTeX.

See the inputenc package documentation for explanation.
Type  H <return>  for immediate help.
 ...                                              
                                                  
l.6 ...–∞–∑–æ–≤–∞—Ç–µ–ª—å–Ω–æ–µ —É—á—Ä–µ–∂–¥–µ–Ω–∏
                                                  –µ –≤—ã—Å—à–µ–≥–æ –æ–±—Ä–∞...

You may provide a definition with
\DeclareUnicodeCharacter 


! Package inputenc Error: Unicode character –µ (U+0435)
(inputenc)                not set up for use with LaTeX.

See the inputenc package documentation for explanation.
Type  H <return>  for immediate help.
 ...                                              
                                                  
l.6 ...–∑–æ–≤–∞—Ç–µ–ª—å–Ω–æ–µ —É—á—Ä–µ–∂–¥–µ–Ω–∏–µ
                                                   –≤—ã—Å—à–µ–≥–æ –æ–±—Ä–∞–∑...

You may provide a definition with
\DeclareUnicodeCharacter 


! Package inputenc Error: Unicode character –≤ (U+0432)
(inputenc)                not set up for use with LaTeX.

See the inputenc package documentation for explanation.
Type  H <return>  for immediate help.
 ...                                              
                                                  
l.6 ...æ–≤–∞—Ç–µ–ª—å–Ω–æ–µ —É—á—Ä–µ–∂–¥–µ–Ω–∏–µ –≤
                                                  —ã—Å—à–µ–≥–æ –æ–±—Ä–∞–∑–æ–...

You may provide a definition with
\DeclareUnicodeCharacter 


! Package inputenc Error: Unicode character —ã (U+044B)
(inputenc)                not set up for use with LaTeX.

See the inputenc package documentation for explanation.
Type  H <return>  for immediate help.
 ...                                              
                                                  
l.6 ...≤–∞—Ç–µ–ª—å–Ω–æ–µ —É—á—Ä–µ–∂–¥–µ–Ω–∏–µ –≤—ã
                                                  —Å—à–µ–≥–æ –æ–±—Ä–∞–∑–æ–≤–...

You may provide a definition with
\DeclareUnicodeCharacter 


! Package inputenc Error: Unicode character —Å (U+0441)
(inputenc)                not set up for use with LaTeX.

See the inputenc package documentation for explanation.
Type  H <return>  for immediate help.
 ...                                              
                                                  
l.6 ...∞—Ç–µ–ª—å–Ω–æ–µ —É—á—Ä–µ–∂–¥–µ–Ω–∏–µ –≤—ã—Å
                                                  —à–µ–≥–æ –æ–±—Ä–∞–∑–æ–≤–∞–...

You may provide a definition with
\DeclareUnicodeCharacter 


! Package inputenc Error: Unicode character —à (U+0448)
(inputenc)                not set up for use with LaTeX.

See the inputenc package documentation for explanation.
Type  H <return>  for immediate help.
 ...                                              
                                                  
l.6 ...Ç–µ–ª—å–Ω–æ–µ —É—á—Ä–µ–∂–¥–µ–Ω–∏–µ –≤—ã—Å—à
                                                  –µ–≥–æ –æ–±—Ä–∞–∑–æ–≤–∞–Ω–...

You may provide a definition with
\DeclareUnicodeCharacter 


! Package inputenc Error: Unicode character –µ (U+0435)
(inputenc)                not set up for use with LaTeX.

See the inputenc package documentation for explanation.
Type  H <return>  for immediate help.
 ...                                              
                                                  
l.6 ...µ–ª—å–Ω–æ–µ —É—á—Ä–µ–∂–¥–µ–Ω–∏–µ –≤—ã—Å—à–µ
                                                  –≥–æ –æ–±—Ä–∞–∑–æ–≤–∞–Ω–∏—...

You may provide a definition with
\DeclareUnicodeCharacter 


! Package inputenc Error: Unicode character –≥ (U+0433)
(inputenc)                not set up for use with LaTeX.

See the inputenc package documentation for explanation.
Type  H <return>  for immediate help.
 ...                                              
                                                  
l.6 ...ª—å–Ω–æ–µ —É—á—Ä–µ–∂–¥–µ–Ω–∏–µ –≤—ã—Å—à–µ–≥
                                                  –æ –æ–±—Ä–∞–∑–æ–≤–∞–Ω–∏—è ...

You may provide a definition with
\DeclareUnicodeCharacter 


! Package inputenc Error: Unicode character –æ (U+043E)
(inputenc)                not set up for use with LaTeX.

See the inputenc package documentation for explanation.
Type  H <return>  for immediate help.
 ...                                              
                                                  
l.6 ...å–Ω–æ–µ —É—á—Ä–µ–∂–¥–µ–Ω–∏–µ –≤—ã—Å—à–µ–≥–æ
                                                   –æ–±—Ä–∞–∑–æ–≤–∞–Ω–∏—è ¬´...

You may provide a definition with
\DeclareUnicodeCharacter 


! Package inputenc Error: Unicode character –æ (U+043E)
(inputenc)                not set up for use with LaTeX.

See the inputenc package documentation for explanation.
Type  H <return>  for immediate help.
 ...                                              
                                                  
l.6 ...–æ–µ —É—á—Ä–µ–∂–¥–µ–Ω–∏–µ –≤—ã—Å—à–µ–≥–æ –æ
                                                  –±—Ä–∞–∑–æ–≤–∞–Ω–∏—è ¬´–ù–...

You may provide a definition with
\DeclareUnicodeCharacter 


! Package inputenc Error: Unicode character –± (U+0431)
(inputenc)                not set up for use with LaTeX.

See the inputenc package documentation for explanation.
Type  H <return>  for immediate help.
 ...                                              
                                                  
l.6 ...–µ —É—á—Ä–µ–∂–¥–µ–Ω–∏–µ –≤—ã—Å—à–µ–≥–æ –æ–±
                                                  —Ä–∞–∑–æ–≤–∞–Ω–∏—è ¬´–ù–∞—...

You may provide a definition with
\DeclareUnicodeCharacter 


! Package inputenc Error: Unicode character —Ä (U+0440)
(inputenc)                not set up for use with LaTeX.

See the inputenc package documentation for explanation.
Type  H <return>  for immediate help.
 ...                                              
                                                  
l.6 ... —É—á—Ä–µ–∂–¥–µ–Ω–∏–µ –≤—ã—Å—à–µ–≥–æ –æ–±—Ä
                                                  –∞–∑–æ–≤–∞–Ω–∏—è ¬´–ù–∞—Ü–...

You may provide a definition with
\DeclareUnicodeCharacter 


! Package inputenc Error: Unicode character –∞ (U+0430)
(inputenc)                not set up for use with LaTeX.

See the inputenc package documentation for explanation.
Type  H <return>  for immediate help.
 ...                                              
                                                  
l.6 ...É—á—Ä–µ–∂–¥–µ–Ω–∏–µ –≤—ã—Å—à–µ–≥–æ –æ–±—Ä–∞
                                                  –∑–æ–≤–∞–Ω–∏—è ¬´–ù–∞—Ü–∏–...

You may provide a definition with
\DeclareUnicodeCharacter 


! Package inputenc Error: Unicode character –∑ (U+0437)
(inputenc)                not set up for use with LaTeX.

See the inputenc package documentation for explanation.
Type  H <return>  for immediate help.
 ...                                              
                                                  
l.6 ...á—Ä–µ–∂–¥–µ–Ω–∏–µ –≤—ã—Å—à–µ–≥–æ –æ–±—Ä–∞–∑
                                                  –æ–≤–∞–Ω–∏—è ¬´–ù–∞—Ü–∏–æ–...

You may provide a definition with
\DeclareUnicodeCharacter 


! Package inputenc Error: Unicode character –æ (U+043E)
(inputenc)                not set up for use with LaTeX.

See the inputenc package documentation for explanation.
Type  H <return>  for immediate help.
 ...                                              
                                                  
l.6 ...Ä–µ–∂–¥–µ–Ω–∏–µ –≤—ã—Å—à–µ–≥–æ –æ–±—Ä–∞–∑–æ
                                                  –≤–∞–Ω–∏—è ¬´–ù–∞—Ü–∏–æ–Ω–...

You may provide a definition with
\DeclareUnicodeCharacter 


! Package inputenc Error: Unicode character –≤ (U+0432)
(inputenc)                not set up for use with LaTeX.

See the inputenc package documentation for explanation.
Type  H <return>  for immediate help.
 ...                                              
                                                  
l.6 ...µ–∂–¥–µ–Ω–∏–µ –≤—ã—Å—à–µ–≥–æ –æ–±—Ä–∞–∑–æ–≤
                                                  –∞–Ω–∏—è ¬´–ù–∞—Ü–∏–æ–Ω–∞–...

You may provide a definition with
\DeclareUnicodeCharacter 


! Package inputenc Error: Unicode character –∞ (U+0430)
(inputenc)                not set up for use with LaTeX.

See the inputenc package documentation for explanation.
Type  H <return>  for immediate help.
 ...                                              
                                                  
l.6 ...∂–¥–µ–Ω–∏–µ –≤—ã—Å—à–µ–≥–æ –æ–±—Ä–∞–∑–æ–≤–∞
                                                  –Ω–∏—è ¬´–ù–∞—Ü–∏–æ–Ω–∞–ª—...

You may provide a definition with
\DeclareUnicodeCharacter 


! Package inputenc Error: Unicode character –Ω (U+043D)
(inputenc)                not set up for use with LaTeX.

See the inputenc package documentation for explanation.
Type  H <return>  for immediate help.
 ...                                              
                                                  
l.6 ...¥–µ–Ω–∏–µ –≤—ã—Å—à–µ–≥–æ –æ–±—Ä–∞–∑–æ–≤–∞–Ω
                                                  –∏—è ¬´–ù–∞—Ü–∏–æ–Ω–∞–ª—å–...

You may provide a definition with
\DeclareUnicodeCharacter 


! Package inputenc Error: Unicode character –∏ (U+0438)
(inputenc)                not set up for use with LaTeX.

See the inputenc package documentation for explanation.
Type  H <return>  for immediate help.
 ...                                              
                                                  
l.6 ...µ–Ω–∏–µ –≤—ã—Å—à–µ–≥–æ –æ–±—Ä–∞–∑–æ–≤–∞–Ω–∏
                                                  —è ¬´–ù–∞—Ü–∏–æ–Ω–∞–ª—å–Ω—...

You may provide a definition with
\DeclareUnicodeCharacter 


! Package inputenc Error: Unicode character —è (U+044F)
(inputenc)                not set up for use with LaTeX.

See the inputenc package documentation for explanation.
Type  H <return>  for immediate help.
 ...                                              
                                                  
l.6 ...Ω–∏–µ –≤—ã—Å—à–µ–≥–æ –æ–±—Ä–∞–∑–æ–≤–∞–Ω–∏—è
                                                   ¬´–ù–∞—Ü–∏–æ–Ω–∞–ª—å–Ω—ã–...

You may provide a definition with
\DeclareUnicodeCharacter 


! LaTeX Error: Command \guillemotleft unavailable in encoding .

See the LaTeX manual or LaTeX Companion for explanation.
Type  H <return>  for immediate help.
 ...                                              
                                                  
l.6 ...–µ –≤—ã—Å—à–µ–≥–æ –æ–±—Ä–∞–∑–æ–≤–∞–Ω–∏—è ¬´
                                                  –ù–∞—Ü–∏–æ–Ω–∞–ª—å–Ω—ã–π –...

Your command was ignored.
Type  I <command> <return>  to replace it with another command,
or  <return>  to continue without it.


! Package inputenc Error: Unicode character –ù (U+041D)
(inputenc)                not set up for use with LaTeX.

See the inputenc package documentation for explanation.
Type  H <return>  for immediate help.
 ...                                              
                                                  
l.6 ... –≤—ã—Å—à–µ–≥–æ –æ–±—Ä–∞–∑–æ–≤–∞–Ω–∏—è ¬´–ù
                                                  –∞—Ü–∏–æ–Ω–∞–ª—å–Ω—ã–π –∏—...

You may provide a definition with
\DeclareUnicodeCharacter 


! Package inputenc Error: Unicode character –∞ (U+0430)
(inputenc)                not set up for use with LaTeX.

See the inputenc package documentation for explanation.
Type  H <return>  for immediate help.
 ...                                              
                                                  
l.6 ...≤—ã—Å—à–µ–≥–æ –æ–±—Ä–∞–∑–æ–≤–∞–Ω–∏—è ¬´–ù–∞
                                                  —Ü–∏–æ–Ω–∞–ª—å–Ω—ã–π –∏—Å—...

You may provide a definition with
\DeclareUnicodeCharacter 


! Package inputenc Error: Unicode character —Ü (U+0446)
(inputenc)                not set up for use with LaTeX.

See the inputenc package documentation for explanation.
Type  H <return>  for immediate help.
 ...                                              
                                                  
l.6 ...ã—Å—à–µ–≥–æ –æ–±—Ä–∞–∑–æ–≤–∞–Ω–∏—è ¬´–ù–∞—Ü
                                                  –∏–æ–Ω–∞–ª—å–Ω—ã–π –∏—Å—Å–...

You may provide a definition with
\DeclareUnicodeCharacter 


! Package inputenc Error: Unicode character –∏ (U+0438)
(inputenc)                not set up for use with LaTeX.

See the inputenc package documentation for explanation.
Type  H <return>  for immediate help.
 ...                                              
                                                  
l.6 ...Å—à–µ–≥–æ –æ–±—Ä–∞–∑–æ–≤–∞–Ω–∏—è ¬´–ù–∞—Ü–∏
                                                  –æ–Ω–∞–ª—å–Ω—ã–π –∏—Å—Å–ª–...

You may provide a definition with
\DeclareUnicodeCharacter 


! Package inputenc Error: Unicode character –æ (U+043E)
(inputenc)                not set up for use with LaTeX.

See the inputenc package documentation for explanation.
Type  H <return>  for immediate help.
 ...                                              
                                                  
l.6 ...à–µ–≥–æ –æ–±—Ä–∞–∑–æ–≤–∞–Ω–∏—è ¬´–ù–∞—Ü–∏–æ
                                                  –Ω–∞–ª—å–Ω—ã–π –∏—Å—Å–ª–µ–...

You may provide a definition with
\DeclareUnicodeCharacter 


! Package inputenc Error: Unicode character –Ω (U+043D)
(inputenc)                not set up for use with LaTeX.

See the inputenc package documentation for explanation.
Type  H <return>  for immediate help.
 ...                                              
                                                  
l.6 ...µ–≥–æ –æ–±—Ä–∞–∑–æ–≤–∞–Ω–∏—è ¬´–ù–∞—Ü–∏–æ–Ω
                                                  –∞–ª—å–Ω—ã–π –∏—Å—Å–ª–µ–¥–...

You may provide a definition with
\DeclareUnicodeCharacter 


! Package inputenc Error: Unicode character –∞ (U+0430)
(inputenc)                not set up for use with LaTeX.

See the inputenc package documentation for explanation.
Type  H <return>  for immediate help.
 ...                                              
                                                  
l.6 ...≥–æ –æ–±—Ä–∞–∑–æ–≤–∞–Ω–∏—è ¬´–ù–∞—Ü–∏–æ–Ω–∞
                                                  –ª—å–Ω—ã–π –∏—Å—Å–ª–µ–¥–æ–...

You may provide a definition with
\DeclareUnicodeCharacter 


! Package inputenc Error: Unicode character –ª (U+043B)
(inputenc)                not set up for use with LaTeX.

See the inputenc package documentation for explanation.
Type  H <return>  for immediate help.
 ...                                              
                                                  
l.6 ...æ –æ–±—Ä–∞–∑–æ–≤–∞–Ω–∏—è ¬´–ù–∞—Ü–∏–æ–Ω–∞–ª
                                                  —å–Ω—ã–π –∏—Å—Å–ª–µ–¥–æ–≤–...

You may provide a definition with
\DeclareUnicodeCharacter 


! Package inputenc Error: Unicode character —å (U+044C)
(inputenc)                not set up for use with LaTeX.

See the inputenc package documentation for explanation.
Type  H <return>  for immediate help.
 ...                                              
                                                  
l.6 ...–æ–±—Ä–∞–∑–æ–≤–∞–Ω–∏—è ¬´–ù–∞—Ü–∏–æ–Ω–∞–ª—å
                                                  –Ω—ã–π –∏—Å—Å–ª–µ–¥–æ–≤–∞—...

You may provide a definition with
\DeclareUnicodeCharacter 


! Package inputenc Error: Unicode character –Ω (U+043D)
(inputenc)                not set up for use with LaTeX.

See the inputenc package documentation for explanation.
Type  H <return>  for immediate help.
 ...                                              
                                                  
l.6 ...–±—Ä–∞–∑–æ–≤–∞–Ω–∏—è ¬´–ù–∞—Ü–∏–æ–Ω–∞–ª—å–Ω
                                                  —ã–π –∏—Å—Å–ª–µ–¥–æ–≤–∞—Ç–...

You may provide a definition with
\DeclareUnicodeCharacter 


! Package inputenc Error: Unicode character —ã (U+044B)
(inputenc)                not set up for use with LaTeX.

See the inputenc package documentation for explanation.
Type  H <return>  for immediate help.
 ...                                              
                                                  
l.6 ...—Ä–∞–∑–æ–≤–∞–Ω–∏—è ¬´–ù–∞—Ü–∏–æ–Ω–∞–ª—å–Ω—ã
                                                  –π –∏—Å—Å–ª–µ–¥–æ–≤–∞—Ç–µ–...

You may provide a definition with
\DeclareUnicodeCharacter 


! Package inputenc Error: Unicode character –π (U+0439)
(inputenc)                not set up for use with LaTeX.

See the inputenc package documentation for explanation.
Type  H <return>  for immediate help.
 ...                                              
                                                  
l.6 ...–∞–∑–æ–≤–∞–Ω–∏—è ¬´–ù–∞—Ü–∏–æ–Ω–∞–ª—å–Ω—ã–π
                                                   –∏—Å—Å–ª–µ–¥–æ–≤–∞—Ç–µ–ª—...

You may provide a definition with
\DeclareUnicodeCharacter 


! Package inputenc Error: Unicode character –∏ (U+0438)
(inputenc)                not set up for use with LaTeX.

See the inputenc package documentation for explanation.
Type  H <return>  for immediate help.
 ...                                              
                                                  
l.6 ...∑–æ–≤–∞–Ω–∏—è ¬´–ù–∞—Ü–∏–æ–Ω–∞–ª—å–Ω—ã–π –∏
                                                  —Å—Å–ª–µ–¥–æ–≤–∞—Ç–µ–ª—å—Å...

You may provide a definition with
\DeclareUnicodeCharacter 


! Package inputenc Error: Unicode character —Å (U+0441)
(inputenc)                not set up for use with LaTeX.

See the inputenc package documentation for explanation.
Type  H <return>  for immediate help.
 ...                                              
                                                  
l.6 ...æ–≤–∞–Ω–∏—è ¬´–ù–∞—Ü–∏–æ–Ω–∞–ª—å–Ω—ã–π –∏—Å
                                                  —Å–ª–µ–¥–æ–≤–∞—Ç–µ–ª—å—Å–∫...

You may provide a definition with
\DeclareUnicodeCharacter 


! Package inputenc Error: Unicode character —Å (U+0441)
(inputenc)                not set up for use with LaTeX.

See the inputenc package documentation for explanation.
Type  H <return>  for immediate help.
 ...                                              
                                                  
l.6 ...≤–∞–Ω–∏—è ¬´–ù–∞—Ü–∏–æ–Ω–∞–ª—å–Ω—ã–π –∏—Å—Å
                                                  –ª–µ–¥–æ–≤–∞—Ç–µ–ª—å—Å–∫–∏...

You may provide a definition with
\DeclareUnicodeCharacter 


! Package inputenc Error: Unicode character –ª (U+043B)
(inputenc)                not set up for use with LaTeX.

See the inputenc package documentation for explanation.
Type  H <return>  for immediate help.
 ...                                              
                                                  
l.6 ...∞–Ω–∏—è ¬´–ù–∞—Ü–∏–æ–Ω–∞–ª—å–Ω—ã–π –∏—Å—Å–ª
                                                  –µ–¥–æ–≤–∞—Ç–µ–ª—å—Å–∫–∏–π...

You may provide a definition with
\DeclareUnicodeCharacter 


! Package inputenc Error: Unicode character –µ (U+0435)
(inputenc)                not set up for use with LaTeX.

See the inputenc package documentation for explanation.
Type  H <return>  for immediate help.
 ...                                              
                                                  
l.6 ...Ω–∏—è ¬´–ù–∞—Ü–∏–æ–Ω–∞–ª—å–Ω—ã–π –∏—Å—Å–ª–µ
                                                  –¥–æ–≤–∞—Ç–µ–ª—å—Å–∫–∏–π —...

You may provide a definition with
\DeclareUnicodeCharacter 


! Package inputenc Error: Unicode character –¥ (U+0434)
(inputenc)                not set up for use with LaTeX.

See the inputenc package documentation for explanation.
Type  H <return>  for immediate help.
 ...                                              
                                                  
l.6 ...∏—è ¬´–ù–∞—Ü–∏–æ–Ω–∞–ª—å–Ω—ã–π –∏—Å—Å–ª–µ–¥
                                                  –æ–≤–∞—Ç–µ–ª—å—Å–∫–∏–π —É–...

You may provide a definition with
\DeclareUnicodeCharacter 


! Package inputenc Error: Unicode character –æ (U+043E)
(inputenc)                not set up for use with LaTeX.

See the inputenc package documentation for explanation.
Type  H <return>  for immediate help.
 ...                                              
                                                  
l.6 ...è ¬´–ù–∞—Ü–∏–æ–Ω–∞–ª—å–Ω—ã–π –∏—Å—Å–ª–µ–¥–æ
                                                  –≤–∞—Ç–µ–ª—å—Å–∫–∏–π —É–Ω–...

You may provide a definition with
\DeclareUnicodeCharacter 


! Package inputenc Error: Unicode character –≤ (U+0432)
(inputenc)                not set up for use with LaTeX.

See the inputenc package documentation for explanation.
Type  H <return>  for immediate help.
 ...                                              
                                                  
l.6 ...¬´–ù–∞—Ü–∏–æ–Ω–∞–ª—å–Ω—ã–π –∏—Å—Å–ª–µ–¥–æ–≤
                                                  –∞—Ç–µ–ª—å—Å–∫–∏–π —É–Ω–∏–...
(That makes 100 errors; please try again.) 
Here is how much of TeX's memory you used:
 33 strings out of 493986
 484 string characters out of 6167907
 53352 words of memory out of 5000000
 3823 multiletter control sequences out of 15000+600000
 3640 words of font info for 14 fonts, out of 8000000 for 9000
 452 hyphenation exceptions out of 8191
 10i,1n,10p,332b,93s stack positions out of 5000i,500n,10000p,200000b,80000s

!  ==> Fatal error occurred, no output PDF file produced!
